2021-10-05 18:16:20 INFO c.e.j.c.l.CallCenter [main] Beginning of work the CALL CENTER 

2021-10-05 18:16:20 INFO c.e.j.c.l.CallCenter [main] Operator went to work 
Operator{id=17, callScope=TECH}
2021-10-05 18:16:20 INFO c.e.j.c.l.CallCenter [main] Operator went to work 
Operator{id=41, callScope=ORDERS}
2021-10-05 18:16:20 INFO c.e.j.c.l.CallCenter [main] Operator went to work 
Operator{id=57, callScope=SUPPORT}
2021-10-05 18:16:20 INFO c.e.j.c.l.CallCenter [main] All operators went to work 

2021-10-05 18:16:20 INFO c.e.j.c.l.CallCenter [main] CALL CENTER: Huan is accepted on the issue SUPPORT 

2021-10-05 18:16:20 INFO c.e.j.c.l.CallCenter [main] CALL CENTER: Operator on the issue SUPPORT with id 2 in touch with a client by name - Huan on the client issue - SUPPORT 

2021-10-05 18:16:20 INFO c.e.j.c.l.CallCenter [main] Beginning of work the CALL CENTER 

2021-10-05 18:16:20 INFO c.e.j.c.l.CallCenter [main] Operator went to work 
Operator{id=30, callScope=TECH}
2021-10-05 18:16:20 INFO c.e.j.c.l.CallCenter [main] Operator went to work 
Operator{id=37, callScope=ORDERS}
2021-10-05 18:16:20 INFO c.e.j.c.l.CallCenter [main] Operator went to work 
Operator{id=79, callScope=SUPPORT}
2021-10-05 18:16:20 INFO c.e.j.c.l.CallCenter [main] All operators went to work 

2021-10-05 18:16:20 INFO c.e.j.c.l.CallCenter [main] CALL CENTER: PIPA is accepted on the issue TECH 

2021-10-05 18:16:20 INFO c.e.j.c.l.CallCenter [main] CALL CENTER: Operator on the issue TECH with id 3 in touch with a client by name - PIPA on the client issue - TECH 

2021-10-05 18:16:20 INFO c.e.j.c.l.CallCenter [main] Beginning of work the CALL CENTER 

2021-10-05 18:16:20 INFO c.e.j.c.l.CallCenter [main] Operator went to work 
Operator{id=99, callScope=TECH}
2021-10-05 18:16:20 INFO c.e.j.c.l.CallCenter [main] Operator went to work 
Operator{id=21, callScope=ORDERS}
2021-10-05 18:16:20 INFO c.e.j.c.l.CallCenter [main] Operator went to work 
Operator{id=36, callScope=SUPPORT}
2021-10-05 18:16:20 INFO c.e.j.c.l.CallCenter [main] All operators went to work 

2021-10-05 18:16:20 INFO c.e.j.c.l.CallCenter [main] Beginning of work the CALL CENTER 

2021-10-05 18:16:20 INFO c.e.j.c.l.CallCenter [main] Operator went to work 
Operator{id=95, callScope=TECH}
2021-10-05 18:16:20 INFO c.e.j.c.l.CallCenter [main] Operator went to work 
Operator{id=20, callScope=ORDERS}
2021-10-05 18:16:20 INFO c.e.j.c.l.CallCenter [main] Operator went to work 
Operator{id=42, callScope=SUPPORT}
2021-10-05 18:16:20 INFO c.e.j.c.l.CallCenter [main] All operators went to work 

2021-10-05 18:16:20 INFO c.e.j.c.l.CallCenter [main] CALL CENTER: Huan is accepted on the issue SUPPORT 

2021-10-05 18:16:20 INFO c.e.j.c.l.CallCenter [main] CALL CENTER: Dear Huan the operator SUPPORT you need is busy. Please wait 

2021-10-05 18:16:20 INFO c.e.j.c.l.CallCenter [main] Beginning of work the CALL CENTER 

2021-10-05 18:16:20 INFO c.e.j.c.l.CallCenter [main] Operator went to work 
Operator{id=37, callScope=TECH}
2021-10-05 18:16:20 INFO c.e.j.c.l.CallCenter [main] Operator went to work 
Operator{id=6, callScope=ORDERS}
2021-10-05 18:16:20 INFO c.e.j.c.l.CallCenter [main] Operator went to work 
Operator{id=91, callScope=SUPPORT}
2021-10-05 18:16:20 INFO c.e.j.c.l.CallCenter [main] All operators went to work 

2021-10-05 18:16:20 INFO c.e.j.c.l.CallCenter [main] CALL CENTER: Huan is accepted on the issue SUPPORT 

2021-10-05 18:16:20 INFO c.e.j.c.l.CallCenter [main] CALL CENTER: Dear Huan the operator SUPPORT you need is busy. Please wait 

2021-10-05 18:16:20 INFO c.e.j.c.l.CallCenter [main] Beginning of work the CALL CENTER 

2021-10-05 18:16:20 INFO c.e.j.c.l.CallCenter [main] Operator went to work 
Operator{id=16, callScope=TECH}
2021-10-05 18:16:20 INFO c.e.j.c.l.CallCenter [main] Operator went to work 
Operator{id=36, callScope=ORDERS}
2021-10-05 18:16:20 INFO c.e.j.c.l.CallCenter [main] Operator went to work 
Operator{id=49, callScope=SUPPORT}
2021-10-05 18:16:20 INFO c.e.j.c.l.CallCenter [main] All operators went to work 

2021-10-05 18:16:20 INFO c.e.j.c.l.CallCenter [main] CALL CENTER: Huan is accepted on the issue SUPPORT 

2021-10-05 18:16:20 INFO c.e.j.c.l.CallCenter [main] CALL CENTER: Operator on the issue SUPPORT with id 2 in touch with a client by name - Huan on the client issue - SUPPORT 

2021-10-05 18:16:20 INFO c.e.j.c.l.CallCenter [main] Beginning of work the CALL CENTER 

2021-10-05 18:16:20 INFO c.e.j.c.l.CallCenter [main] Operator went to work 
Operator{id=13, callScope=TECH}
2021-10-05 18:16:20 INFO c.e.j.c.l.CallCenter [main] Operator went to work 
Operator{id=25, callScope=ORDERS}
2021-10-05 18:16:20 INFO c.e.j.c.l.CallCenter [main] Operator went to work 
Operator{id=25, callScope=SUPPORT}
2021-10-05 18:16:20 INFO c.e.j.c.l.CallCenter [main] All operators went to work 

